[29Dec2024 00:00:26.308] [Server thread/INFO] [net.minecraft.server.MinecraftServer/]: carloselpillo was incinerated by an Encased Fan
[29Dec2024 00:00:26.321] [Server thread/INFO] [tombstone/]: The player carloselpillo has successfully been saved
[29Dec2024 00:04:18.504] [Server thread/INFO] [net.minecraft.server.players.PlayerList/]: DeferentCurve07[/127.191.128.44:33059] logged in with entity id 173201 at (6129.312646267599, 68.0, -380.57442173907066)
[29Dec2024 00:04:18.510] [Server thread/INFO] [ModdingLegacy/blue_skies/]: Sending ToolHandleTypeManager to DeferentCurve07
[29Dec2024 00:04:18.511] [Server thread/INFO] [ModdingLegacy/blue_skies/]: Sending SnowcapOvenFreezingManager to DeferentCurve07
[29Dec2024 00:04:18.512] [Server thread/INFO] [ModdingLegacy/blue_skies/]: Sending HorizoniteForgeFuelManager to DeferentCurve07
[29Dec2024 00:04:18.512] [Server thread/INFO] [ModdingLegacy/blue_skies/]: Sending AlchemyRecipeManager to DeferentCurve07
[29Dec2024 00:04:18.515] [Server thread/INFO] [ModdingLegacy/blue_skies/]: Sending JournalEntryManager to DeferentCurve07
[29Dec2024 00:04:18.518] [Server thread/INFO] [ModdingLegacy/blue_skies/]: Sending JournalSectionManager to DeferentCurve07
[29Dec2024 00:04:18.519] [Server thread/INFO] [ModdingLegacy/blue_skies/]: Sending JournalRequirementManager to DeferentCurve07
[29Dec2024 00:04:18.567] [Server thread/INFO] [net.minecraft.server.MinecraftServer/]: DeferentCurve07 joined the game
[29Dec2024 00:04:18.615] [Server thread/INFO] [Jade/]: Syncing config to DeferentCurve07 (9598161f-9a96-3055-ab1d-e14865aee7da)
[29Dec2024 00:07:59.148] [Server thread/INFO] [net.minecraft.server.players.PlayerList/]: myser444[/127.148.57.27:58795] logged in with entity id 175170 at (6130.322971089503, 73.0, -369.97545542355823)
[29Dec2024 00:07:59.152] [Server thread/INFO] [ModdingLegacy/blue_skies/]: Sending ToolHandleTypeManager to myser444
[29Dec2024 00:07:59.152] [Server thread/INFO] [ModdingLegacy/blue_skies/]: Sending SnowcapOvenFreezingManager to myser444
[29Dec2024 00:07:59.153] [Server thread/INFO] [ModdingLegacy/blue_skies/]: Sending HorizoniteForgeFuelManager to myser444
[29Dec2024 00:07:59.153] [Server thread/INFO] [ModdingLegacy/blue_skies/]: Sending AlchemyRecipeManager to myser444
[29Dec2024 00:07:59.155] [Server thread/INFO] [ModdingLegacy/blue_skies/]: Sending JournalEntryManager to myser444
[29Dec2024 00:07:59.158] [Server thread/INFO] [ModdingLegacy/blue_skies/]: Sending JournalSectionManager to myser444
[29Dec2024 00:07:59.158] [Server thread/INFO] [ModdingLegacy/blue_skies/]: Sending JournalRequirementManager to myser444
[29Dec2024 00:07:59.188] [Server thread/INFO] [net.minecraft.server.MinecraftServer/]: myser444 joined the game
[29Dec2024 00:07:59.257] [Server thread/INFO] [Jade/]: Syncing config to myser444 (bf99e74b-a15b-39e5-b20b-a65e6dee0df2)
[29Dec2024 00:08:41.084] [Server thread/INFO] [net.minecraft.server.MinecraftServer/]: [DeferentCurve07: Set the time to 1000]
[29Dec2024 00:10:35.269] [Server thread/INFO] [net.minecraft.server.MinecraftServer/]: [joselete123: Teleported joselete123 to carloselpillo]
[29Dec2024 00:10:56.872] [Server thread/INFO] [net.minecraft.server.MinecraftServer/]: myser444 has made the advancement [This is the End]
[29Dec2024 00:11:02.816] [Server thread/INFO] [net.minecraft.server.MinecraftServer/]: <joselete123> vaya temazo ese
[29Dec2024 00:14:01.094] [Server thread/INFO] [net.minecraft.server.MinecraftServer/]: [DeferentCurve07: Teleported DeferentCurve07 to myser444]
[29Dec2024 00:14:12.116] [Server thread/INFO] [net.minecraft.server.MinecraftServer/]: <joselete123> deferent
[29Dec2024 00:14:16.819] [Server thread/INFO] [net.minecraft.server.MinecraftServer/]: <DeferentCurve07> dime
[29Dec2024 00:14:17.473] [Server thread/INFO] [net.minecraft.server.MinecraftServer/]: <joselete123> viva la cruzcampo killo
[29Dec2024 00:14:19.936] [Server thread/INFO] [net.minecraft.server.MinecraftServer/]: <joselete123> ten fe papi
[29Dec2024 00:14:22.837] [Server thread/INFO] [net.minecraft.server.MinecraftServer/]: <DeferentCurve07> viva
[29Dec2024 00:15:03.579] [Server thread/INFO] [net.minecraft.server.MinecraftServer/]: DeferentCurve07 has reached the goal [Bone Crusher]
